Unity Player [version: Unity 5.6.0f3_497a0f351392]

Test.exe caused an Access Violation (0xc0000005)
  in module Test.exe at 0023:0109bc62.

Error occurred at 2017-06-09_114918.
C:\Users\Public\Documents\Unity Projects\VR-Fire-Safety\Test.exe, run by Kaj van der Veen.
52% memory in use.
0 MB physical memory [3871 MB free].
0 MB paging file [0 MB free].
0 MB user address space [3737 MB free].
Read from location 00000000 caused an access violation.

Context:
EDI:    0x004ffc14  ESI: 0x03e02f10  EAX:   0x0007a000
EBX:    0x00000000  ECX: 0x03e02f10  EDX:   0x00b740a0
EIP:    0x0109bc62  EBP: 0x004ffb8c  SegCs: 0x00000023
EFlags: 0x00210202  ESP: 0x004ffb80  SegSs: 0x0000002b

Bytes at CS:EIP:
8b 03 8b 50 20 8b 3e 8b cb ff d2 50 8b 47 24 8b 

Stack:
0x004ffb80: 004ffc14 00000000 004ffc24 004ffbc0 ..O.....$.O...O.
0x004ffb90: 00e4f635 00000000 0000003d 00000000 5.......=.......
0x004ffba0: 03dcd040 038dcc10 0000001a 004ffc24 @...........$.O.
0x004ffbb0: 01b172b0 004ffbcc 0000001a 00000042 .r....O.....B...
0x004ffbc0: 004ffbe4 00e4f660 03dcd040 00000001 ..O.`...@.......
0x004ffbd0: 00e519e7 004ffbf0 004ffbf0 004ffbf0 ......O...O...O.
0x004ffbe0: 00e51843 004ffc44 00e5214d 004ffc04 C...D.O.M!....O.
0x004ffbf0: 00000000 03ddff00 004ffc24 03ddfcb0 ........$.O.....
0x004ffc00: 04440160 00000000 00000000 44800000 `.D............D
0x004ffc10: 44400000 00000000 00000000 3f800000 ..@D...........?
0x004ffc20: 3f800000 3e088889 3e30b0b1 3e58d8d9 ...?...>..0>..X>
0x004ffc30: 3f800000 40000000 3c23d70b 3fff0331 ...?...@..#<1..?
0x004ffc40: 3bfcce8d 004ffd34 00e52efb 74d5bdf0 ...;4.O........t
0x004ffc50: 74d587a0 00000004 04440160 3f800000 ...t....`.D....?
0x004ffc60: 00000000 00000000 00000000 00000000 ................
0x004ffc70: 3f800000 00000000 00000000 00000000 ...?............
0x004ffc80: 00000000 3f800000 00000000 00000000 .......?........
0x004ffc90: 00000000 00000000 3f800000 3f800000 ...........?...?
0x004ffca0: 00000000 00000000 00000000 00000000 ................
0x004ffcb0: 3f800000 00000000 00000000 00000000 ...?............
0x004ffcc0: 00000000 3f800000 00000000 00000000 .......?........
0x004ffcd0: 00000000 00000000 3f800000 3f800000 ...........?...?
0x004ffce0: 00000000 00000000 00000000 00000000 ................
0x004ffcf0: 3f800000 00000000 00000000 00000000 ...?............
0x004ffd00: 00000000 3f800000 00000000 00000000 .......?........
0x004ffd10: 00000000 00000000 3f800000 3e088889 ...........?...>
0x004ffd20: 3e30b0b1 3e58d8d9 3f800000 00000004 ..0>..X>...?....
0x004ffd30: d15af9fc 004ffd6c 00b88b45 00000001 ..Z.l.O.E.......
0x004ffd40: 00b88cf9 00000000 00000001 00030acc ................
0x004ffd50: 00000737 00000004 00000000 09d2f604 7...............
0x004ffd60: 000000e8 00000172 00000784 004ffec0 ....r.........O.
0x004ffd70: 00b9759b 013a1b27 00000000 00373000 .u..'.:......07.
0x004ffd80: 038afb20 0000004a 00000014 00000001  ...J...........
0x004ffd90: 035c0fd0 0000004a 00000042 00000000 ..\.J...B.......
0x004ffda0: 00000000 035c0fd0 fa67b90e 00000001 ......\...g.....
0x004ffdb0: 0000001a 035c2028 038c3df0 00000050 ....( \..=..P...
0x004ffdc0: 000306d4 013c18bd 035c2028 00000050 ......<.( \.P...
0x004ffdd0: 00000042 1c004121 01c0003f 0000003f B...!A..?...?...
0x004ffde0: 00000000 1c004122 01c0003f 0000003f ...."A..?...?...
0x004ffdf0: 038afc60 00000041 01c0003f 000001ff `...A...?.......
0x004ffe00: 00000000 00000041 00000042 038afc10 ....A...B.......
0x004ffe10: 0000004f 035c1748 035c05a8 004ffe00 O...H.\...\...O.
0x004ffe20: 0000004f 00000042 038afbc0 00000046 O...B.......F...
0x004ffe30: 0000000f 00000000 035c1a28 00000046 ........(.\.F...
0x004ffe40: 00000042 035d22b0 00000000 00637465 B...."].....etc.
0x004ffe50: 00646567 013b13d9 035c2028 00000003 ged...;.( \.....
0x004ffe60: 00000042 038aba90 038abac8 038abac8 B...............
0x004ffe70: 00373000 00000000 65646968 646e6957 .07.....hideWind
0x004ffe80: 0000776f 013a8650 0000000a 00000042 ow..P.:.....B...
0x004ffe90: 00000000 65726170 5748746e 0100444e ....parentHWND..
0x004ffea0: 007a3889 0000000a 00000042 035d22b0 .8z.....B...."].
0x004ffeb0: 00000000 00000000 00000000 00373001 .............07.
0x004ffec0: 004ffed8 01363e58 00b20000 00000000 ..O.X>6.........
0x004ffed0: 007a388b 00000001 004fff68 013a1ad4 .8z.....h.O...:.
0x004ffee0: 00b20000 00000000 007a388b 00000001 .........8z.....
0x004ffef0: 715c016d 013a1b27 013a1b27 00373000 m.\q'.:.'.:..07.
0x004fff00: 00000044 007a2018 007a1ff8 007a1f76 D.... z...z.v.z.
0x004fff10: 00000000 00000000 00000000 00000000 ................
0x004fff20: 00000000 00000000 00000000 00000401 ................
0x004fff30: 00000001 00000000 00000000 00010001 ................
0x004fff40: 00000000 c0000005 013a1b27 00000000 ........'.:.....
0x004fff50: 004ffef0 004ff214 004fffb4 013a3a30 ..O...O...O.0::.
0x004fff60: 70a395c5 00000000 004fff7c 76fa8744 ...p....|.O.D..v
0x004fff70: 00373000 76fa8720 a458b6e6 004fffc4 .07. ..v..X...O.
0x004fff80: 77c4587d 00373000 720a4206 00000000 }X.w.07..B.r....
0x004fff90: 00000000 00373000 c0000005 00000000 .....07.........
0x004fffa0: 004ff1f0 76cba130 720a4206 004fff88 ..O.0..v.B.r..O.
0x004fffb0: 004ff1f0 004fffcc 77c5a000 058bbcea ..O...O....w....
0x004fffc0: 00000000 004fffd4 77c4584d ffffffff ......O.MX.w....
0x004fffd0: 77c6634c 00000000 00000000 013a1b27 Lc.w........'.:.
0x004fffe0: 00373000 00000000 00000000 00000000 .07.............
0x004ffff0: 00000000 00000000 00000000 00000000 ................

Module 1
C:\Users\Public\Documents\Unity Projects\VR-Fire-Safety\Test.exe
Image Base: 0x00b20000  Image Size: 0x01219000
File Size:  18136576    File Time:  2017-03-30_092054
Version:
   Company:    
   Product:    
   FileDesc:   
   FileVer:    5.6.0.31247
   ProdVer:    5.6.0.31247

Module 2
C:\Windows\SYSTEM32\nvwgf2um.dll
Image Base: 0x06c70000  Image Size: 0x00f29000
File Size:  15943856    File Time:  2016-03-22_080456
Version:
   Company:    NVIDIA Corporation
   Product:    NVIDIA D3D10 drivers
   FileDesc:   NVIDIA D3D10 Driver, Version 359.46 
   FileVer:    10.18.13.5946
   ProdVer:    10.18.13.5946

Module 3
C:\Windows\SYSTEM32\xinput9_1_0.dll
Image Base: 0x0f940000  Image Size: 0x00007000
File Size:  9216        File Time:  2017-03-18_225856
Version:
   Company:    Microsoft Corporation
   Product:    Microsoft® Windows® Operating System
   FileDesc:   XNA Common Controller
   FileVer:    10.0.15063.0
   ProdVer:    10.0.15063.0

Module 4
C:\Users\Public\Documents\Unity Projects\VR-Fire-Safety\Test_Data\Mono\mono.dll
Image Base: 0x10000000  Image Size: 0x00231000
File Size:  2115008     File Time:  2017-03-30_092856
Version:
   Company:    Unity Technologies
   Product:    libmono
   FileDesc:   Unity Technologies fork of mono runtime
   FileVer:    1.0.0.1
   ProdVer:    1.0.0.1

Module 5
C:\Windows\SYSTEM32\GLU32.dll
Image Base: 0x50b60000  Image Size: 0x00025000
File Size:  138240      File Time:  2017-03-18_225852
Version:
   Company:    Microsoft Corporation
   Product:    Microsoft® Windows® Operating System
   FileDesc:   OpenGL Utility Library DLL
   FileVer:    10.0.15063.0
   ProdVer:    10.0.15063.0

Module 6
C:\Windows\SYSTEM32\HID.DLL
Image Base: 0x58220000  Image Size: 0x0000a000
File Size:  25600       File Time:  2017-03-18_225850
Version:
   Company:    Microsoft Corporation
   Product:    Microsoft® Windows® Operating System
   FileDesc:   HID User Library
   FileVer:    10.0.15063.0
   ProdVer:    10.0.15063.0

Module 7
C:\Windows\SYSTEM32\ksuser.dll
Image Base: 0x5e350000  Image Size: 0x00007000
File Size:  20216       File Time:  2017-03-18_225840
Version:
   Company:    Microsoft Corporation
   Product:    Microsoft® Windows® Operating System
   FileDesc:   User CSA Library
   FileVer:    10.0.15063.0
   ProdVer:    10.0.15063.0

Module 8
C:\Windows\SYSTEM32\wdmaud.drv
Image Base: 0x63b60000  Image Size: 0x00039000
File Size:  209920      File Time:  2017-03-18_225840
Version:
   Company:    Microsoft Corporation
   Product:    Microsoft® Windows® Operating System
   FileDesc:   Winmm  audio system driver
   FileVer:    10.0.15063.0
   ProdVer:    10.0.15063.0

Module 9
C:\Windows\system32\wbem\fastprox.dll
Image Base: 0x64220000  Image Size: 0x000c0000
File Size:  770560      File Time:  2017-03-18_225852
Version:
   Company:    Microsoft Corporation
   Product:    Microsoft® Windows® Operating System
   FileDesc:   WMI Custom Marshaller
   FileVer:    10.0.15063.0
   ProdVer:    10.0.15063.0

Module 10
C:\Windows\system32\wbem\wbemsvc.dll
Image Base: 0x642e0000  Image Size: 0x00010000
File Size:  48640       File Time:  2017-03-18_225850
Version:
   Company:    Microsoft Corporation
   Product:    Microsoft® Windows® Operating System
   FileDesc:   WMI
   FileVer:    10.0.15063.0
   ProdVer:    10.0.15063.0

Module 11
C:\Windows\system32\wbem\wbemprox.dll
Image Base: 0x64310000  Image Size: 0x0000d000
File Size:  35840       File Time:  2017-03-18_225850
Version:
   Company:    Microsoft Corporation
   Product:    Microsoft® Windows® Operating System
   FileDesc:   WMI
   FileVer:    10.0.15063.0
   ProdVer:    10.0.15063.0

Module 12
C:\Windows\SYSTEM32\wbemcomn.dll
Image Base: 0x64320000  Image Size: 0x00068000
File Size:  399360      File Time:  2017-03-18_225850
Version:
   Company:    Microsoft Corporation
   Product:    Microsoft® Windows® Operating System
   FileDesc:   WMI
   FileVer:    10.0.15063.0
   ProdVer:    10.0.15063.0

Module 13
C:\Windows\SYSTEM32\OPENGL32.dll
Image Base: 0x68dd0000  Image Size: 0x000df000
File Size:  776704      File Time:  2017-03-18_225852
Version:
   Company:    Microsoft Corporation
   Product:    Microsoft® Windows® Operating System
   FileDesc:   OpenGL Client DLL
   FileVer:    10.0.15063.0
   ProdVer:    10.0.15063.0

Module 14
C:\Windows\SYSTEM32\usermgrcli.dll
Image Base: 0x6a4b0000  Image Size: 0x00010000
File Size:  55872       File Time:  2017-03-18_225850
Version:
   Company:    Microsoft Corporation
   Product:    Microsoft® Windows® Operating System
   FileDesc:   UserMgr API DLL
   FileVer:    10.0.15063.0
   ProdVer:    10.0.15063.0

Module 15
C:\Windows\SYSTEM32\CoreUIComponents.dll
Image Base: 0x6a5c0000  Image Size: 0x00227000
File Size:  2259760     File Time:  2017-04-28_031822
Version:
   Company:    Microsoft Corporation
   Product:    Microsoft® Windows® Operating System
   FileDesc:   Microsoft Core UI Components Dll
   FileVer:    10.0.15063.296
   ProdVer:    10.0.15063.296

Module 16
C:\Windows\SYSTEM32\CoreMessaging.dll
Image Base: 0x6aa50000  Image Size: 0x0008f000
File Size:  583160      File Time:  2017-04-28_030418
Version:
   Company:    Microsoft Corporation
   Product:    Microsoft® Windows® Operating System
   FileDesc:   Microsoft CoreMessaging Dll
   FileVer:    10.0.15063.296
   ProdVer:    10.0.15063.296

Module 17
C:\Windows\SYSTEM32\TextInputFramework.dll
Image Base: 0x6aae0000  Image Size: 0x00067000
File Size:  401920      File Time:  2017-03-18_225846
Version:
   Company:    Microsoft Corporation
   Product:    Microsoft® Windows® Operating System
   FileDesc:   "TextInputFramework.DYNLINK"
   FileVer:    10.0.15063.0
   ProdVer:    10.0.15063.0

Module 18
C:\Windows\SYSTEM32\AUDIOSES.DLL
Image Base: 0x6b340000  Image Size: 0x000d7000
File Size:  864240      File Time:  2017-03-18_225840
Version:
   Company:    Microsoft Corporation
   Product:    Microsoft® Windows® Operating System
   FileDesc:   Audio Session
   FileVer:    10.0.15063.0
   ProdVer:    10.0.15063.0

Module 19
C:\Windows\SYSTEM32\midimap.dll
Image Base: 0x6b440000  Image Size: 0x00008000
File Size:  18944       File Time:  2017-03-18_225846
Version:
   Company:    Microsoft Corporation
   Product:    Microsoft® Windows® Operating System
   FileDesc:   Microsoft MIDI Mapper
   FileVer:    10.0.15063.0
   ProdVer:    10.0.15063.0

Module 20
C:\Windows\SYSTEM32\msacm32.drv
Image Base: 0x6b4d0000  Image Size: 0x0000a000
File Size:  24576       File Time:  2017-03-18_225846
Version:
   Company:    Microsoft Corporation
   Product:    Microsoft® Windows® Operating System
   FileDesc:   Microsoft Sound Mapper
   FileVer:    10.0.15063.0
   ProdVer:    10.0.15063.0

Module 21
C:\Windows\SYSTEM32\d3d11.dll
Image Base: 0x6b560000  Image Size: 0x00252000
File Size:  2417840     File Time:  2017-03-18_225854
Version:
   Company:    Microsoft Corporation
   Product:    Microsoft® Windows® Operating System
   FileDesc:   Direct3D 11 Runtime
   FileVer:    10.0.15063.0
   ProdVer:    10.0.15063.0

Module 22
C:\Windows\SYSTEM32\MSACM32.dll
Image Base: 0x6bc30000  Image Size: 0x00018000
File Size:  90456       File Time:  2017-03-18_225840
Version:
   Company:    Microsoft Corporation
   Product:    Microsoft® Windows® Operating System
   FileDesc:   Microsoft ACM Audio Filter
   FileVer:    10.0.15063.0
   ProdVer:    10.0.15063.0

Module 23
C:\Windows\SYSTEM32\dxgi.dll
Image Base: 0x6bcb0000  Image Size: 0x0008a000
File Size:  551200      File Time:  2017-03-18_225854
Version:
   Company:    Microsoft Corporation
   Product:    Microsoft® Windows® Operating System
   FileDesc:   DirectX Graphics Infrastructure
   FileVer:    10.0.15063.0
   ProdVer:    10.0.15063.0

Module 24
C:\Windows\System32\MMDevApi.dll
Image Base: 0x6be70000  Image Size: 0x0005a000
File Size:  356992      File Time:  2017-03-18_225840
Version:
   Company:    Microsoft Corporation
   Product:    Microsoft® Windows® Operating System
   FileDesc:   MMDevice API
   FileVer:    10.0.15063.0
   ProdVer:    10.0.15063.0

Module 25
C:\Windows\SYSTEM32\wintypes.dll
Image Base: 0x6c090000  Image Size: 0x000d1000
File Size:  856416      File Time:  2017-03-18_225850
Version:
   Company:    Microsoft Corporation
   Product:    Microsoft® Windows® Operating System
   FileDesc:   Windows Base Types DLL
   FileVer:    10.0.15063.0
   ProdVer:    10.0.15063.0

Module 26
C:\Windows\SYSTEM32\WINMMBASE.dll
Image Base: 0x6ca80000  Image Size: 0x00023000
File Size:  129736      File Time:  2017-03-18_225846
Version:
   Company:    Microsoft Corporation
   Product:    Microsoft® Windows® Operating System
   FileDesc:   Base Multimedia Extension API DLL
   FileVer:    10.0.15063.0
   ProdVer:    10.0.15063.0

Module 27
C:\Windows\SYSTEM32\WINMM.dll
Image Base: 0x6cab0000  Image Size: 0x00024000
File Size:  135440      File Time:  2017-03-18_225846
Version:
   Company:    Microsoft Corporation
   Product:    Microsoft® Windows® Operating System
   FileDesc:   MCI API DLL
   FileVer:    10.0.15063.0
   ProdVer:    10.0.15063.0

Module 28
C:\Windows\System32\PROPSYS.dll
Image Base: 0x6e100000  Image Size: 0x00164000
File Size:  1465360     File Time:  2017-03-18_225852
Version:
   Company:    Microsoft Corporation
   Product:    Windows® Search
   FileDesc:   Microsoft Property System
   FileVer:    7.0.15063.0
   ProdVer:    7.0.15063.0

Module 29
C:\Windows\system32\dwmapi.dll
Image Base: 0x6f7d0000  Image Size: 0x00023000
File Size:  125344      File Time:  2017-03-18_225900
Version:
   Company:    Microsoft Corporation
   Product:    Microsoft® Windows® Operating System
   FileDesc:   Microsoft Desktop Window Manager API
   FileVer:    10.0.15063.0
   ProdVer:    10.0.15063.0

Module 30
C:\Windows\system32\uxtheme.dll
Image Base: 0x70870000  Image Size: 0x00078000
File Size:  474112      File Time:  2017-03-18_225858
Version:
   Company:    Microsoft Corporation
   Product:    Microsoft® Windows® Operating System
   FileDesc:   Microsoft UxTheme Library
   FileVer:    10.0.15063.0
   ProdVer:    10.0.15063.0

Module 31
C:\Windows\SYSTEM32\DNSAPI.dll
Image Base: 0x70b20000  Image Size: 0x0007f000
File Size:  508344      File Time:  2017-03-18_225846
Version:
   Company:    Microsoft Corporation
   Product:    Microsoft® Windows® Operating System
   FileDesc:   DNS Client API DLL
   FileVer:    10.0.15063.0
   ProdVer:    10.0.15063.0

Module 32
C:\Windows\SYSTEM32\WINHTTP.dll
Image Base: 0x70ba0000  Image Size: 0x000ad000
File Size:  703576      File Time:  2017-03-18_225850
Version:
   Company:    Microsoft Corporation
   Product:    Microsoft® Windows® Operating System
   FileDesc:   Windows HTTP Services
   FileVer:    10.0.15063.0
   ProdVer:    10.0.15063.0

Module 33
C:\Windows\SYSTEM32\AVRT.dll
Image Base: 0x710b0000  Image Size: 0x00009000
File Size:  28992       File Time:  2017-03-18_225840
Version:
   Company:    Microsoft Corporation
   Product:    Microsoft® Windows® Operating System
   FileDesc:   Multimedia Realtime Runtime
   FileVer:    10.0.15063.0
   ProdVer:    10.0.15063.0

Module 34
C:\Windows\SYSTEM32\dbghelp.dll
Image Base: 0x711b0000  Image Size: 0x0015d000
File Size:  1285120     File Time:  2017-04-19_073252
Version:
   Company:    Microsoft Corporation
   Product:    Microsoft® Windows® Operating System
   FileDesc:   Windows Image Helper
   FileVer:    10.0.15063.250
   ProdVer:    10.0.15063.250

Module 35
C:\Windows\SYSTEM32\ntmarta.dll
Image Base: 0x71320000  Image Size: 0x00028000
File Size:  152440      File Time:  2017-03-18_225852
Version:
   Company:    Microsoft Corporation
   Product:    Microsoft® Windows® Operating System
   FileDesc:   Windows NT MARTA provider
   FileVer:    10.0.15063.0
   ProdVer:    10.0.15063.0

Module 36
C:\Windows\SYSTEM32\IPHLPAPI.DLL
Image Base: 0x71c60000  Image Size: 0x0002f000
File Size:  187544      File Time:  2017-03-18_225846
Version:
   Company:    Microsoft Corporation
   Product:    Microsoft® Windows® Operating System
   FileDesc:   IP Helper API
   FileVer:    10.0.15063.0
   ProdVer:    10.0.15063.0

Module 37
C:\Windows\System32\DEVOBJ.dll
Image Base: 0x71cb0000  Image Size: 0x00022000
File Size:  131784      File Time:  2017-03-18_225850
Version:
   Company:    Microsoft Corporation
   Product:    Microsoft® Windows® Operating System
   FileDesc:   Device Information Set DLL
   FileVer:    10.0.15063.0
   ProdVer:    10.0.15063.0

Module 38
C:\Windows\SYSTEM32\MSWSOCK.dll
Image Base: 0x71d60000  Image Size: 0x0004e000
File Size:  305568      File Time:  2017-03-18_225846
Version:
   Company:    Microsoft Corporation
   Product:    Microsoft® Windows® Operating System
   FileDesc:   Microsoft Windows Sockets 2.0 Service Provider
   FileVer:    10.0.15063.0
   ProdVer:    10.0.15063.0

Module 39
C:\Windows\SYSTEM32\bcrypt.dll
Image Base: 0x728a0000  Image Size: 0x00018000
File Size:  93536       File Time:  2017-03-18_225848
Version:
   Company:    Microsoft Corporation
   Product:    Microsoft® Windows® Operating System
   FileDesc:   Windows Cryptographic Primitives Library
   FileVer:    10.0.15063.0
   ProdVer:    10.0.15063.0

Module 40
C:\Windows\SYSTEM32\VERSION.dll
Image Base: 0x745b0000  Image Size: 0x00008000
File Size:  27424       File Time:  2017-03-18_225900
Version:
   Company:    Microsoft Corporation
   Product:    Microsoft® Windows® Operating System
   FileDesc:   Version Checking and File Installation Libraries
   FileVer:    10.0.15063.0
   ProdVer:    10.0.15063.0

Module 41
C:\Windows\System32\CRYPTBASE.dll
Image Base: 0x746a0000  Image Size: 0x0000a000
File Size:  31592       File Time:  2017-03-18_225846
Version:
   Company:    Microsoft Corporation
   Product:    Microsoft® Windows® Operating System
   FileDesc:   Base cryptographic API DLL
   FileVer:    10.0.15063.0
   ProdVer:    10.0.15063.0

Module 42
C:\Windows\System32\SspiCli.dll
Image Base: 0x746b0000  Image Size: 0x00020000
File Size:  124544      File Time:  2017-03-18_225846
Version:
   Company:    Microsoft Corporation
   Product:    Microsoft® Windows® Operating System
   FileDesc:   Security Support Provider Interface
   FileVer:    10.0.15063.0
   ProdVer:    10.0.15063.0

Module 43
C:\Windows\System32\win32u.dll
Image Base: 0x746d0000  Image Size: 0x00016000
File Size:  81176       File Time:  2017-03-18_225900
Version:
   Company:    Microsoft Corporation
   Product:    Microsoft® Windows® Operating System
   FileDesc:   Win32u
   FileVer:    10.0.15063.0
   ProdVer:    10.0.15063.0

Module 44
C:\Windows\System32\PSAPI.DLL
Image Base: 0x74870000  Image Size: 0x00006000
File Size:  17112       File Time:  2017-03-18_225840
Version:
   Company:    Microsoft Corporation
   Product:    Microsoft® Windows® Operating System
   FileDesc:   Process Status Helper
   FileVer:    10.0.15063.0
   ProdVer:    10.0.15063.0

Module 45
C:\Windows\System32\SHLWAPI.dll
Image Base: 0x74880000  Image Size: 0x00045000
File Size:  277432      File Time:  2017-03-18_225858
Version:
   Company:    Microsoft Corporation
   Product:    Microsoft® Windows® Operating System
   FileDesc:   Shell Light-weight Utility Library
   FileVer:    10.0.15063.0
   ProdVer:    10.0.15063.0

Module 46
C:\Windows\System32\powrprof.dll
Image Base: 0x748d0000  Image Size: 0x00045000
File Size:  276400      File Time:  2017-03-18_225850
Version:
   Company:    Microsoft Corporation
   Product:    Microsoft® Windows® Operating System
   FileDesc:   Power Profile Helper DLL
   FileVer:    10.0.15063.0
   ProdVer:    10.0.15063.0

Module 47
C:\Windows\System32\OLEAUT32.dll
Image Base: 0x74920000  Image Size: 0x00096000
File Size:  605936      File Time:  2017-04-28_031932
Version:
   Company:    Microsoft Corporation
   Product:    Microsoft® Windows® Operating System
   FileDesc:   OLEAUT32.DLL
   FileVer:    10.0.15063.296
   ProdVer:    10.0.15063.296

Module 48
C:\Windows\System32\bcryptPrimitives.dll
Image Base: 0x74a20000  Image Size: 0x00057000
File Size:  354360      File Time:  2017-04-01_022818
Version:
   Company:    Microsoft Corporation
   Product:    Microsoft® Windows® Operating System
   FileDesc:   Windows Cryptographic Primitives Library
   FileVer:    10.0.15063.138
   ProdVer:    10.0.15063.138

Module 49
C:\Windows\System32\IMM32.dll
Image Base: 0x74a80000  Image Size: 0x00025000
File Size:  143672      File Time:  2017-03-18_225902
Version:
   Company:    Microsoft Corporation
   Product:    Microsoft® Windows® Operating System
   FileDesc:   Multi-User Windows IMM32 API Client DLL
   FileVer:    10.0.15063.0
   ProdVer:    10.0.15063.0

Module 50
C:\Windows\System32\msvcp_win.dll
Image Base: 0x74b40000  Image Size: 0x00079000
File Size:  491232      File Time:  2017-03-18_225846
Version:
   Company:    Microsoft Corporation
   Product:    Microsoft® Windows® Operating System
   FileDesc:   Microsoft® C Runtime Library
   FileVer:    10.0.15063.0
   ProdVer:    10.0.15063.0

Module 51
C:\Windows\System32\ADVAPI32.dll
Image Base: 0x74bc0000  Image Size: 0x00077000
File Size:  480920      File Time:  2017-03-18_225840
Version:
   Company:    Microsoft Corporation
   Product:    Microsoft® Windows® Operating System
   FileDesc:   Advanced Windows 32 Base API
   FileVer:    10.0.15063.0
   ProdVer:    10.0.15063.0

Module 52
C:\Windows\System32\clbcatq.dll
Image Base: 0x74c40000  Image Size: 0x00083000
File Size:  521728      File Time:  2017-03-18_225842
Version:
   Company:    Microsoft Corporation
   Product:    Microsoft® Windows® Operating System
   FileDesc:   COM+ Configuration Catalog
   FileVer:    2001.12.10941.16384
   ProdVer:    10.0.15063.0

Module 53
C:\Windows\System32\WS2_32.dll
Image Base: 0x74cd0000  Image Size: 0x00067000
File Size:  415864      File Time:  2017-03-18_225846
Version:
   Company:    Microsoft Corporation
   Product:    Microsoft® Windows® Operating System
   FileDesc:   Windows Socket 2.0 32-Bit DLL
   FileVer:    10.0.15063.0
   ProdVer:    10.0.15063.0

Module 54
C:\Windows\System32\USER32.dll
Image Base: 0x74d40000  Image Size: 0x0013c000
File Size:  1292872     File Time:  2017-03-18_225902
Version:
   Company:    Microsoft Corporation
   Product:    Microsoft® Windows® Operating System
   FileDesc:   Multi-User Windows USER API Client DLL
   FileVer:    10.0.15063.0
   ProdVer:    10.0.15063.0

Module 55
C:\Windows\System32\SHELL32.dll
Image Base: 0x74e80000  Image Size: 0x01348000
File Size:  20374424    File Time:  2017-04-19_075818
Version:
   Company:    Microsoft Corporation
   Product:    Microsoft® Windows® Operating System
   FileDesc:   Windows Shell Common Dll
   FileVer:    10.0.15063.250
   ProdVer:    10.0.15063.250

Module 56
C:\Windows\System32\cfgmgr32.dll
Image Base: 0x762d0000  Image Size: 0x00039000
File Size:  226816      File Time:  2017-03-18_225850
Version:
   Company:    Microsoft Corporation
   Product:    Microsoft® Windows® Operating System
   FileDesc:   Configuration Manager DLL
   FileVer:    10.0.15063.0
   ProdVer:    10.0.15063.0

Module 57
C:\Windows\System32\sechost.dll
Image Base: 0x76730000  Image Size: 0x00041000
File Size:  257792      File Time:  2017-03-18_225846
Version:
   Company:    Microsoft Corporation
   Product:    Microsoft® Windows® Operating System
   FileDesc:   Host for SCM/SDDL/LSA Lookup APIs
   FileVer:    10.0.15063.0
   ProdVer:    10.0.15063.0

Module 58
C:\Windows\System32\kernel.appcore.dll
Image Base: 0x768f0000  Image Size: 0x0000e000
File Size:  47096       File Time:  2017-03-18_225848
Version:
   Company:    Microsoft Corporation
   Product:    Microsoft® Windows® Operating System
   FileDesc:   AppModel API Host
   FileVer:    10.0.15063.0
   ProdVer:    10.0.15063.0

Module 59
C:\Windows\System32\combase.dll
Image Base: 0x76900000  Image Size: 0x00238000
File Size:  2330520     File Time:  2017-04-28_030900
Version:
   Company:    Microsoft Corporation
   Product:    Microsoft® Windows® Operating System
   FileDesc:   Microsoft COM for Windows
   FileVer:    10.0.15063.296
   ProdVer:    10.0.15063.296

Module 60
C:\Windows\System32\KERNELBASE.dll
Image Base: 0x76b40000  Image Size: 0x001c2000
File Size:  1839872     File Time:  2017-04-28_031904
Version:
   Company:    Microsoft Corporation
   Product:    Microsoft® Windows® Operating System
   FileDesc:   Windows NT BASE API Client DLL
   FileVer:    10.0.15063.296
   ProdVer:    10.0.15063.296

Module 61
C:\Windows\System32\MSCTF.dll
Image Base: 0x76d10000  Image Size: 0x00146000
File Size:  1333136     File Time:  2017-03-18_225900
Version:
   Company:    Microsoft Corporation
   Product:    Microsoft® Windows® Operating System
   FileDesc:   MSCTF Server DLL
   FileVer:    10.0.15063.0
   ProdVer:    10.0.15063.0

Module 62
C:\Windows\System32\ucrtbase.dll
Image Base: 0x76e60000  Image Size: 0x00118000
File Size:  1150776     File Time:  2017-03-18_225846
Version:
   Company:    Microsoft Corporation
   Product:    Microsoft® Windows® Operating System
   FileDesc:   Microsoft® C Runtime Library
   FileVer:    10.0.15063.0
   ProdVer:    10.0.15063.0

Module 63
C:\Windows\System32\KERNEL32.DLL
Image Base: 0x76f90000  Image Size: 0x000d0000
File Size:  599576      File Time:  2017-04-28_031620
Version:
   Company:    Microsoft Corporation
   Product:    Microsoft® Windows® Operating System
   FileDesc:   Windows NT BASE API Client DLL
   FileVer:    10.0.15063.296
   ProdVer:    10.0.15063.296

Module 64
C:\Windows\System32\profapi.dll
Image Base: 0x77060000  Image Size: 0x00010000
File Size:  59456       File Time:  2017-03-18_225846
Version:
   Company:    Microsoft Corporation
   Product:    Microsoft® Windows® Operating System
   FileDesc:   User Profile Basic API
   FileVer:    10.0.15063.0
   ProdVer:    10.0.15063.0

Module 65
C:\Windows\System32\shcore.dll
Image Base: 0x770d0000  Image Size: 0x0008c000
File Size:  569264      File Time:  2017-03-18_225856
Version:
   Company:    Microsoft Corporation
   Product:    Microsoft® Windows® Operating System
   FileDesc:   SHCORE
   FileVer:    10.0.15063.0
   ProdVer:    10.0.15063.0

Module 66
C:\Windows\System32\msvcrt.dll
Image Base: 0x771d0000  Image Size: 0x000bd000
File Size:  769608      File Time:  2017-03-18_225846
Version:
   Company:    Microsoft Corporation
   Product:    Microsoft® Windows® Operating System
   FileDesc:   Windows NT CRT DLL
   FileVer:    7.0.15063.0
   ProdVer:    10.0.15063.0

Module 67
C:\Windows\System32\GDI32.dll
Image Base: 0x77290000  Image Size: 0x00021000
File Size:  129184      File Time:  2017-03-18_225856
Version:
   Company:    Microsoft Corporation
   Product:    Microsoft® Windows® Operating System
   FileDesc:   GDI Client DLL
   FileVer:    10.0.15063.0
   ProdVer:    10.0.15063.0

Module 68
C:\Windows\System32\windows.storage.dll
Image Base: 0x772c0000  Image Size: 0x00584000
File Size:  5820984     File Time:  2017-03-18_225854
Version:
   Company:    Microsoft Corporation
   Product:    Microsoft® Windows® Operating System
   FileDesc:   Microsoft WinRT Storage API
   FileVer:    10.0.15063.0
   ProdVer:    10.0.15063.0

Module 69
C:\Windows\System32\RPCRT4.dll
Image Base: 0x778b0000  Image Size: 0x000c0000
File Size:  787712      File Time:  2017-03-18_225846
Version:
   Company:    Microsoft Corporation
   Product:    Microsoft® Windows® Operating System
   FileDesc:   Remote Procedure Call Runtime
   FileVer:    10.0.15063.0
   ProdVer:    10.0.15063.0

Module 70
C:\Windows\System32\gdi32full.dll
Image Base: 0x77970000  Image Size: 0x00159000
File Size:  1411128     File Time:  2017-04-28_033856
Version:
   Company:    Microsoft Corporation
   Product:    Microsoft® Windows® Operating System
   FileDesc:   GDI Client DLL
   FileVer:    10.0.15063.296
   ProdVer:    10.0.15063.296

Module 71
C:\Windows\System32\NSI.dll
Image Base: 0x77ad0000  Image Size: 0x00007000
File Size:  20216       File Time:  2017-03-18_225736
Version:
   Company:    Microsoft Corporation
   Product:    Microsoft® Windows® Operating System
   FileDesc:   NSI User-mode interface DLL
   FileVer:    10.0.15063.0
   ProdVer:    10.0.15063.0

Module 72
C:\Windows\System32\ole32.dll
Image Base: 0x77ae0000  Image Size: 0x000f3000
File Size:  988168      File Time:  2017-04-28_030710
Version:
   Company:    Microsoft Corporation
   Product:    Microsoft® Windows® Operating System
   FileDesc:   Microsoft OLE for Windows
   FileVer:    10.0.15063.296
   ProdVer:    10.0.15063.296

Module 73
C:\Windows\SYSTEM32\ntdll.dll
Image Base: 0x77be0000  Image Size: 0x0018e000
File Size:  1620368     File Time:  2017-03-18_225846
Version:
   Company:    Microsoft Corporation
   Product:    Microsoft® Windows® Operating System
   FileDesc:   NT Layer DLL
   FileVer:    10.0.15063.0
   ProdVer:    10.0.15063.0


== [end of error.log] ==
